worker run
parseCmdArg
loadUserFile
init
readInput
performSuperstep
sent WM_BEGIN
Receiver: bind: Address already in use
Sender: connect: Connection refused
Receiver: bind: Address already in use
Sender: connect: Connection refused
Sender: connect all server success
Receiver: accept all client success
received MW_BEGIN
-----------------------------------------
superstep: 0
debug info:from 2 to 0
debug info:out weight 1.000000
debug info:send65536.000000
debug info:from 2 to 0
debug info:out weight 1.000000
debug info:send65536.000000
debug info:from 2 to 0
debug info:out weight 1.000000
debug info:send65536.000000
sent WW_NODEMSGLIST, 2 msgs to worker[1]
sent WW_NODEMSGLIST, 1 msgs to worker[2]
sent WW_FINISHSENDNODEMSG to worker[4]
sent WW_FINISHSENDNODEMSG to worker[2]
sent WW_FINISHSENDNODEMSG to worker[1]
received all WW_NODEMSGLIST && WW_FINISHNODEMSG
sent WM_CURSSFINISH
received MW_NEXTSSSTART
-----------------------------------------
superstep: 1
debug info:msg value 1
debug info:from 2 to 0
debug info:out weight 1.000000
debug info:send2.000000
debug info:from 2 to 0
debug info:out weight 1.000000
debug info:send2.000000
debug info:from 2 to 0
debug info:out weight 1.000000
debug info:send2.000000
sent WW_NODEMSGLIST, 2 msgs to worker[1]
sent WW_NODEMSGLIST, 1 msgs to worker[2]
sent WW_FINISHSENDNODEMSG to worker[4]
sent WW_FINISHSENDNODEMSG to worker[1]
sent WW_FINISHSENDNODEMSG to worker[2]
received all WW_NODEMSGLIST && WW_FINISHNODEMSG
sent WM_CURSSFINISH
received MW_NEXTSSSTART
-----------------------------------------
superstep: 2
sent WW_FINISHSENDNODEMSG to worker[1]
sent WW_FINISHSENDNODEMSG to worker[2]
sent WW_FINISHSENDNODEMSG to worker[4]
received all WW_NODEMSGLIST && WW_FINISHNODEMSG
sent WM_CURSSFINISH
received MW_NEXTSSSTART
-----------------------------------------
superstep: 3
sent WW_FINISHSENDNODEMSG to worker[1]
sent WW_FINISHSENDNODEMSG to worker[2]
sent WW_FINISHSENDNODEMSG to worker[4]
received all WW_NODEMSGLIST && WW_FINISHNODEMSG
sent WM_CURSSFINISH
received MW_END
sent WM_END
writeOutput
terminate
Receiver: closeAllSocket
Sender: closeAllSocket
