worker run
parseCmdArg
loadUserFile
init
readInput
performSuperstep
sent WM_BEGIN
Receiver: accept all client success
Sender: connect all server success
received MW_BEGIN
-----------------------------------------
superstep: 0
sent WW_NODEMSGLIST, 1 msgs to worker[1]
sent WW_NODEMSGLIST, 1 msgs to worker[2]
sent WW_FINISHSENDNODEMSG to worker[4]
sent WW_FINISHSENDNODEMSG to worker[1]
sent WW_FINISHSENDNODEMSG to worker[2]
received all WW_NODEMSGLIST && WW_FINISHNODEMSG
sent WM_CURSSFINISH
received MW_NEXTSSSTART
-----------------------------------------
superstep: 1
sent WW_NODEMSGLIST, 1 msgs to worker[1]
sent WW_NODEMSGLIST, 1 msgs to worker[2]
sent WW_FINISHSENDNODEMSG to worker[4]
sent WW_FINISHSENDNODEMSG to worker[1]
sent WW_FINISHSENDNODEMSG to worker[2]
received all WW_NODEMSGLIST && WW_FINISHNODEMSG
sent WM_CURSSFINISH
received MW_NEXTSSSTART
-----------------------------------------
superstep: 2
sent WW_NODEMSGLIST, 1 msgs to worker[1]
sent WW_NODEMSGLIST, 1 msgs to worker[2]
sent WW_FINISHSENDNODEMSG to worker[4]
sent WW_FINISHSENDNODEMSG to worker[2]
sent WW_FINISHSENDNODEMSG to worker[1]
received all WW_NODEMSGLIST && WW_FINISHNODEMSG
sent WM_CURSSFINISH
received MW_NEXTSSSTART
-----------------------------------------
superstep: 3
sent WW_NODEMSGLIST, 1 msgs to worker[1]
sent WW_NODEMSGLIST, 1 msgs to worker[2]
sent WW_FINISHSENDNODEMSG to worker[4]
sent WW_FINISHSENDNODEMSG to worker[1]
sent WW_FINISHSENDNODEMSG to worker[2]
received all WW_NODEMSGLIST && WW_FINISHNODEMSG
sent WM_CURSSFINISH
received MW_NEXTSSSTART
-----------------------------------------
superstep: 4
sent WW_NODEMSGLIST, 1 msgs to worker[1]
sent WW_NODEMSGLIST, 1 msgs to worker[2]
sent WW_FINISHSENDNODEMSG to worker[4]
sent WW_FINISHSENDNODEMSG to worker[1]
sent WW_FINISHSENDNODEMSG to worker[2]
received all WW_NODEMSGLIST && WW_FINISHNODEMSG
sent WM_CURSSFINISH
received MW_NEXTSSSTART
-----------------------------------------
superstep: 5
sent WW_NODEMSGLIST, 1 msgs to worker[1]
sent WW_NODEMSGLIST, 1 msgs to worker[2]
sent WW_FINISHSENDNODEMSG to worker[4]
sent WW_FINISHSENDNODEMSG to worker[1]
sent WW_FINISHSENDNODEMSG to worker[2]
received all WW_NODEMSGLIST && WW_FINISHNODEMSG
sent WM_CURSSFINISH
received MW_NEXTSSSTART
-----------------------------------------
superstep: 6
sent WW_NODEMSGLIST, 1 msgs to worker[1]
sent WW_NODEMSGLIST, 1 msgs to worker[2]
sent WW_FINISHSENDNODEMSG to worker[4]
sent WW_FINISHSENDNODEMSG to worker[1]
sent WW_FINISHSENDNODEMSG to worker[2]
received all WW_NODEMSGLIST && WW_FINISHNODEMSG
sent WM_CURSSFINISH
received MW_NEXTSSSTART
-----------------------------------------
superstep: 7
sent WW_NODEMSGLIST, 1 msgs to worker[1]
sent WW_NODEMSGLIST, 1 msgs to worker[2]
sent WW_FINISHSENDNODEMSG to worker[4]
sent WW_FINISHSENDNODEMSG to worker[1]
sent WW_FINISHSENDNODEMSG to worker[2]
received all WW_NODEMSGLIST && WW_FINISHNODEMSG
sent WM_CURSSFINISH
received MW_NEXTSSSTART
-----------------------------------------
superstep: 8
sent WW_NODEMSGLIST, 1 msgs to worker[1]
sent WW_NODEMSGLIST, 1 msgs to worker[2]
sent WW_FINISHSENDNODEMSG to worker[4]
sent WW_FINISHSENDNODEMSG to worker[2]
sent WW_FINISHSENDNODEMSG to worker[1]
received all WW_NODEMSGLIST && WW_FINISHNODEMSG
sent WM_CURSSFINISH
received MW_NEXTSSSTART
-----------------------------------------
superstep: 9
sent WW_NODEMSGLIST, 1 msgs to worker[1]
sent WW_NODEMSGLIST, 1 msgs to worker[2]
sent WW_FINISHSENDNODEMSG to worker[4]
sent WW_FINISHSENDNODEMSG to worker[1]
sent WW_FINISHSENDNODEMSG to worker[2]
received all WW_NODEMSGLIST && WW_FINISHNODEMSG
sent WM_CURSSFINISH
received MW_NEXTSSSTART
-----------------------------------------
superstep: 10
sent WW_NODEMSGLIST, 1 msgs to worker[1]
sent WW_NODEMSGLIST, 1 msgs to worker[2]
sent WW_FINISHSENDNODEMSG to worker[4]
sent WW_FINISHSENDNODEMSG to worker[2]
sent WW_FINISHSENDNODEMSG to worker[1]
received all WW_NODEMSGLIST && WW_FINISHNODEMSG
sent WM_CURSSFINISH
received MW_NEXTSSSTART
-----------------------------------------
superstep: 11
sent WW_NODEMSGLIST, 1 msgs to worker[1]
sent WW_NODEMSGLIST, 1 msgs to worker[2]
sent WW_FINISHSENDNODEMSG to worker[4]
sent WW_FINISHSENDNODEMSG to worker[2]
sent WW_FINISHSENDNODEMSG to worker[1]
received all WW_NODEMSGLIST && WW_FINISHNODEMSG
sent WM_CURSSFINISH
received MW_NEXTSSSTART
-----------------------------------------
superstep: 12
sent WW_NODEMSGLIST, 1 msgs to worker[1]
sent WW_NODEMSGLIST, 1 msgs to worker[2]
sent WW_FINISHSENDNODEMSG to worker[4]
sent WW_FINISHSENDNODEMSG to worker[1]
sent WW_FINISHSENDNODEMSG to worker[2]
received all WW_NODEMSGLIST && WW_FINISHNODEMSG
sent WM_CURSSFINISH
received MW_NEXTSSSTART
-----------------------------------------
superstep: 13
sent WW_NODEMSGLIST, 1 msgs to worker[1]
sent WW_NODEMSGLIST, 1 msgs to worker[2]
sent WW_FINISHSENDNODEMSG to worker[4]
sent WW_FINISHSENDNODEMSG to worker[2]
sent WW_FINISHSENDNODEMSG to worker[1]
received all WW_NODEMSGLIST && WW_FINISHNODEMSG
sent WM_CURSSFINISH
received MW_NEXTSSSTART
-----------------------------------------
superstep: 14
sent WW_NODEMSGLIST, 1 msgs to worker[1]
sent WW_NODEMSGLIST, 1 msgs to worker[2]
sent WW_FINISHSENDNODEMSG to worker[4]
sent WW_FINISHSENDNODEMSG to worker[1]
sent WW_FINISHSENDNODEMSG to worker[2]
received all WW_NODEMSGLIST && WW_FINISHNODEMSG
sent WM_CURSSFINISH
received MW_NEXTSSSTART
-----------------------------------------
superstep: 15
sent WW_NODEMSGLIST, 1 msgs to worker[1]
sent WW_NODEMSGLIST, 1 msgs to worker[2]
sent WW_FINISHSENDNODEMSG to worker[4]
sent WW_FINISHSENDNODEMSG to worker[1]
sent WW_FINISHSENDNODEMSG to worker[2]
received all WW_NODEMSGLIST && WW_FINISHNODEMSG
sent WM_CURSSFINISH
received MW_NEXTSSSTART
-----------------------------------------
superstep: 16
sent WW_NODEMSGLIST, 1 msgs to worker[1]
sent WW_NODEMSGLIST, 1 msgs to worker[2]
sent WW_FINISHSENDNODEMSG to worker[4]
sent WW_FINISHSENDNODEMSG to worker[2]
sent WW_FINISHSENDNODEMSG to worker[1]
received all WW_NODEMSGLIST && WW_FINISHNODEMSG
sent WM_CURSSFINISH
received MW_NEXTSSSTART
-----------------------------------------
superstep: 17
sent WW_NODEMSGLIST, 1 msgs to worker[1]
sent WW_NODEMSGLIST, 1 msgs to worker[2]
sent WW_FINISHSENDNODEMSG to worker[4]
sent WW_FINISHSENDNODEMSG to worker[2]
sent WW_FINISHSENDNODEMSG to worker[1]
received all WW_NODEMSGLIST && WW_FINISHNODEMSG
sent WM_CURSSFINISH
received MW_NEXTSSSTART
-----------------------------------------
superstep: 18
sent WW_NODEMSGLIST, 1 msgs to worker[1]
sent WW_NODEMSGLIST, 1 msgs to worker[2]
sent WW_FINISHSENDNODEMSG to worker[4]
sent WW_FINISHSENDNODEMSG to worker[2]
sent WW_FINISHSENDNODEMSG to worker[1]
received all WW_NODEMSGLIST && WW_FINISHNODEMSG
sent WM_CURSSFINISH
received MW_NEXTSSSTART
-----------------------------------------
superstep: 19
sent WW_FINISHSENDNODEMSG to worker[1]
sent WW_FINISHSENDNODEMSG to worker[2]
sent WW_FINISHSENDNODEMSG to worker[4]
received all WW_NODEMSGLIST && WW_FINISHNODEMSG
sent WM_CURSSFINISH
received MW_END
sent WM_END
writeOutput
terminate
Receiver: closeAllSocket
Sender: closeAllSocket
