#
# A fatal error has been detected by the Java Runtime Environment:
#
#  SIGSEGV (0xb) at pc=0xb76d304e, pid=6957, tid=3063802368
#
# JRE version: Java(TM) SE Runtime Environment (7.0_40-b43) (build 1.7.0_40-b43)
# Java VM: Java HotSpot(TM) Client VM (24.0-b56 mixed mode linux-x86 )
# Problematic frame:
# C  [1.so+0x304e]  Kcorex::compute(Vertex<int [2], double, int [2]>::MessageIterator*)+0x2e
#
# Failed to write core dump. Core dumps have been disabled. To enable core dumping, try "ulimit -c unlimited" before starting Java again
#
# If you would like to submit a bug report, please visit:
#   http://bugreport.sun.com/bugreport/crash.jsp
# The crash happened outside the Java Virtual Machine in native code.
# See problematic frame for where to report the bug.
#

---------------  T H R E A D  ---------------

Current thread (0x088c9800):  JavaThread "main" [_thread_in_native, id=6957, stack(0xbfac9000,0xbfb19000)]

siginfo:si_signo=SIGSEGV: si_errno=0, si_code=1 (SEGV_MAPERR), si_addr=0x00000000

Registers:
EAX=0x00000000, EBX=0xb76d6000, ECX=0x088d1988, EDX=0x00000000
ESP=0xbfb14850, EBP=0x088d1988, ESI=0x00000000, EDI=0x00000000
EIP=0xb76d304e, EFLAGS=0x00010246, CR2=0x00000000

Top of Stack: (sp=0xbfb14850)
0xbfb14850:   088b7eb0 b76d7000 0000000d b74e7a10
0xbfb14860:   08fe71c0 00000000 0805e380 b76d2b27
0xbfb14870:   088b7eb0 088d1988 b74e7999 0805e380
0xbfb14880:   bfb149b4 00000007 0805e380 08051ce9
0xbfb14890:   088b7eb0 088d1988 00000014 088b7bc8
0xbfb148a0:   088b7bd0 00000007 bfb14918 08fe71c0
0xbfb148b0:   088b7bd8 00000004 0000000a 0805e380
0xbfb148c0:   bfb149b4 00000007 bfb14918 08051f66 

Instructions: (pc=0xb76d304e)
0xb76d302e:   c3 d3 2f 00 00 8b 10 89 04 24 ff 52 10 85 c0 75
0xb76d303e:   2f 8b 44 24 24 8b 4c 24 24 8b 00 8b 51 08 8b 00
0xb76d304e:   8b 04 90 c7 04 24 01 00 00 00 83 c0 10 89 44 24
0xb76d305e:   08 8d 83 0e d5 ff ff 89 44 24 04 e8 02 f2 ff ff 

Register to memory mapping:

EAX=0x00000000 is an unknown value
EBX=0xb76d6000: <offset 0x6000> in /home/guest/work/hw2/GraphLite/example/1.so at 0xb76d0000
ECX=0x088d1988 is an unknown value
EDX=0x00000000 is an unknown value
ESP=0xbfb14850 is pointing into the stack for thread: 0x088c9800
EBP=0x088d1988 is an unknown value
ESI=0x00000000 is an unknown value
EDI=0x00000000 is an unknown value


Stack: [0xbfac9000,0xbfb19000],  sp=0xbfb14850,  free space=302k
Native frames: (J=compiled Java code, j=interpreted, Vv=VM code, C=native code)
C  [1.so+0x304e]  Kcorex::compute(Vertex<int [2], double, int [2]>::MessageIterator*)+0x2e


---------------  P R O C E S S  ---------------

Java Threads: ( => current thread )
  0x08fb5400 JavaThread "process reaper" daemon [_thread_blocked, id=6983, stack(0x9fb37000,0x9fb4e000)]
  0x08931800 JavaThread "Service Thread" daemon [_thread_blocked, id=6965, stack(0xa014a000,0xa019b000)]
  0x0892f800 JavaThread "C1 CompilerThread0" daemon [_thread_blocked, id=6964, stack(0xa062e000,0xa06af000)]
  0x0892dc00 JavaThread "Signal Dispatcher" daemon [_thread_blocked, id=6963, stack(0xa06af000,0xa0700000)]
  0x0891dc00 JavaThread "Finalizer" daemon [_thread_blocked, id=6962, stack(0xa0825000,0xa0876000)]
  0x0891b400 JavaThread "Reference Handler" daemon [_thread_blocked, id=6961, stack(0xa0876000,0xa08c7000)]
=>0x088c9800 JavaThread "main" [_thread_in_native, id=6957, stack(0xbfac9000,0xbfb19000)]

Other Threads:
  0x08919c00 VMThread [stack: 0xa08c7000,0xa0948000] [id=6960]
  0x08933800 WatcherThread [stack: 0xa00c9000,0xa014a000] [id=6966]

VM state:not at safepoint (normal execution)

VM Mutex/Monitor currently owned by a thread: None

Heap
 def new generation   total 4800K, used 3382K [0xa0cc0000, 0xa11f0000, 0xa60c0000)
  eden space 4288K,  66% used [0xa0cc0000, 0xa0f8d990, 0xa10f0000)
  from space 512K, 100% used [0xa10f0000, 0xa1170000, 0xa1170000)
  to   space 512K,   0% used [0xa1170000, 0xa1170000, 0xa11f0000)
 tenured generation   total 10752K, used 2952K [0xa60c0000, 0xa6b40000, 0xb08c0000)
   the space 10752K,  27% used [0xa60c0000, 0xa63a2140, 0xa63a2200, 0xa6b40000)
 compacting perm gen  total 12288K, used 6246K [0xb08c0000, 0xb14c0000, 0xb48c0000)
   the space 12288K,  50% used [0xb08c0000, 0xb0ed9980, 0xb0ed9a00, 0xb14c0000)
No shared spaces configured.

Card table byte_map: [0xa0c21000,0xa0cc0000] byte_map_base: 0xa071aa00

Polling page: 0xb76c6000

Code Cache  [0xb4946000, 0xb4aa6000, 0xb6946000)
 total_blobs=564 nmethods=413 adapters=88 free_code_cache=31376Kb largest_free_block=32128832

Compilation events (10 events):
Event: 4.356 Thread 0x0892f800  414             org.apache.commons.collections.map.AbstractMapDecorator::containsKey (11 bytes)
Event: 4.356 Thread 0x0892f800 nmethod 414 0xb4a9e4c8 code [0xb4a9e5d0, 0xb4a9e66c]
Event: 4.356 Thread 0x0892f800  415             org.apache.hadoop.conf.Configuration::loadProperty (108 bytes)
Event: 4.357 Thread 0x0892f800 nmethod 415 0xb4a9e6c8 code [0xb4a9e8c0, 0xb4a9eda4]
Event: 4.365 Thread 0x0892f800  416   !         com.google.common.collect.MapMakerInternalMap$Segment::put (386 bytes)
Event: 4.367 Thread 0x0892f800 nmethod 416 0xb4a9f2c8 code [0xb4a9f610, 0xb4a9ff7c]
Event: 4.384 Thread 0x0892f800  417             org.apache.xerces.util.XMLChar::isContent (35 bytes)
Event: 4.384 Thread 0x0892f800 nmethod 417 0xb4aa17c8 code [0xb4aa18c0, 0xb4aa19b0]
Event: 4.399 Thread 0x0892f800  418             java.net.URLStreamHandler::getDefaultPort (2 bytes)
Event: 4.399 Thread 0x0892f800 nmethod 418 0xb4aa1f08 code [0xb4aa2000, 0xb4aa2080]

GC Heap History (10 events):
Event: 3.024 GC heap before
{Heap before GC invocations=7 (full 0):
 def new generation   total 4800K, used 4677K [0xa0cc0000, 0xa11f0000, 0xa60c0000)
  eden space 4288K, 100% used [0xa0cc0000, 0xa10f0000, 0xa10f0000)
  from space 512K,  76% used [0xa1170000, 0xa11d1538, 0xa11f0000)
  to   space 512K,   0% used [0xa10f0000, 0xa10f0000, 0xa1170000)
 tenured generation   total 10752K, used 1795K [0xa60c0000, 0xa6b40000, 0xb08c0000)
   the space 10752K,  16% used [0xa60c0000, 0xa6280c58, 0xa6280e00, 0xa6b40000)
 compacting perm gen  total 12288K, used 4941K [0xb08c0000, 0xb14c0000, 0xb48c0000)
   the space 12288K,  40% used [0xb08c0000, 0xb0d937d8, 0xb0d93800, 0xb14c0000)
No shared spaces configured.
Event: 3.037 GC heap after
Heap after GC invocations=8 (full 0):
 def new generation   total 4800K, used 512K [0xa0cc0000, 0xa11f0000, 0xa60c0000)
  eden space 4288K,   0% used [0xa0cc0000, 0xa0cc0000, 0xa10f0000)
  from space 512K, 100% used [0xa10f0000, 0xa1170000, 0xa1170000)
  to   space 512K,   0% used [0xa1170000, 0xa1170000, 0xa11f0000)
 tenured generation   total 10752K, used 2067K [0xa60c0000, 0xa6b40000, 0xb08c0000)
   the space 10752K,  19% used [0xa60c0000, 0xa62c4fe8, 0xa62c5000, 0xa6b40000)
 compacting perm gen  total 12288K, used 4941K [0xb08c0000, 0xb14c0000, 0xb48c0000)
   the space 12288K,  40% used [0xb08c0000, 0xb0d937d8, 0xb0d93800, 0xb14c0000)
No shared spaces configured.
}
Event: 3.478 GC heap before
{Heap before GC invocations=8 (full 0):
 def new generation   total 4800K, used 4800K [0xa0cc0000, 0xa11f0000, 0xa60c0000)
  eden space 4288K, 100% used [0xa0cc0000, 0xa10f0000, 0xa10f0000)
  from space 512K, 100% used [0xa10f0000, 0xa1170000, 0xa1170000)
  to   space 512K,   0% used [0xa1170000, 0xa1170000, 0xa11f0000)
 tenured generation   total 10752K, used 2067K [0xa60c0000, 0xa6b40000, 0xb08c0000)
   the space 10752K,  19% used [0xa60c0000, 0xa62c4fe8, 0xa62c5000, 0xa6b40000)
 compacting perm gen  total 12288K, used 5557K [0xb08c0000, 0xb14c0000, 0xb48c0000)
   the space 12288K,  45% used [0xb08c0000, 0xb0e2d490, 0xb0e2d600, 0xb14c0000)
No shared spaces configured.
Event: 3.480 GC heap after
Heap after GC invocations=9 (full 0):
 def new generation   total 4800K, used 406K [0xa0cc0000, 0xa11f0000, 0xa60c0000)
  eden space 4288K,   0% used [0xa0cc0000, 0xa0cc0000, 0xa10f0000)
  from space 512K,  79% used [0xa1170000, 0xa11d58f0, 0xa11f0000)
  to   space 512K,   0% used [0xa10f0000, 0xa10f0000, 0xa1170000)
 tenured generation   total 10752K, used 2176K [0xa60c0000, 0xa6b40000, 0xb08c0000)
   the space 10752K,  20% used [0xa60c0000, 0xa62e0338, 0xa62e0400, 0xa6b40000)
 compacting perm gen  total 12288K, used 5557K [0xb08c0000, 0xb14c0000, 0xb48c0000)
   the space 12288K,  45% used [0xb08c0000, 0xb0e2d490, 0xb0e2d600, 0xb14c0000)
No shared spaces configured.
}
Event: 3.646 GC heap before
{Heap before GC invocations=9 (full 0):
 def new generation   total 4800K, used 4694K [0xa0cc0000, 0xa11f0000, 0xa60c0000)
  eden space 4288K, 100% used [0xa0cc0000, 0xa10f0000, 0xa10f0000)
  from space 512K,  79% used [0xa1170000, 0xa11d58f0, 0xa11f0000)
  to   space 512K,   0% used [0xa10f0000, 0xa10f0000, 0xa1170000)
 tenured generation   total 10752K, used 2176K [0xa60c0000, 0xa6b40000, 0xb08c0000)
   the space 10752K,  20% used [0xa60c0000, 0xa62e0338, 0xa62e0400, 0xa6b40000)
 compacting perm gen  total 12288K, used 5707K [0xb08c0000, 0xb14c0000, 0xb48c0000)
   the space 12288K,  46% used [0xb08c0000, 0xb0e52ee8, 0xb0e53000, 0xb14c0000)
No shared spaces configured.
Event: 3.647 GC heap after
Heap after GC invocations=10 (full 0):
 def new generation   total 4800K, used 511K [0xa0cc0000, 0xa11f0000, 0xa60c0000)
  eden space 4288K,   0% used [0xa0cc0000, 0xa0cc0000, 0xa10f0000)
  from space 512K,  99% used [0xa10f0000, 0xa116ff60, 0xa1170000)
  to   space 512K,   0% used [0xa1170000, 0xa1170000, 0xa11f0000)
 tenured generation   total 10752K, used 2325K [0xa60c0000, 0xa6b40000, 0xb08c0000)
   the space 10752K,  21% used [0xa60c0000, 0xa6305520, 0xa6305600, 0xa6b40000)
 compacting perm gen  total 12288K, used 5707K [0xb08c0000, 0xb14c0000, 0xb48c0000)
   the space 12288K,  46% used [0xb08c0000, 0xb0e52ee8, 0xb0e53000, 0xb14c0000)
No shared spaces configured.
}
Event: 4.071 GC heap before
{Heap before GC invocations=10 (full 0):
 def new generation   total 4800K, used 4799K [0xa0cc0000, 0xa11f0000, 0xa60c0000)
  eden space 4288K, 100% used [0xa0cc0000, 0xa10f0000, 0xa10f0000)
  from space 512K,  99% used [0xa10f0000, 0xa116ff60, 0xa1170000)
  to   space 512K,   0% used [0xa1170000, 0xa1170000, 0xa11f0000)
 tenured generation   total 10752K, used 2325K [0xa60c0000, 0xa6b40000, 0xb08c0000)
   the space 10752K,  21% used [0xa60c0000, 0xa6305520, 0xa6305600, 0xa6b40000)
 compacting perm gen  total 12288K, used 5964K [0xb08c0000, 0xb14c0000, 0xb48c0000)
   the space 12288K,  48% used [0xb08c0000, 0xb0e93310, 0xb0e93400, 0xb14c0000)
No shared spaces configured.
Event: 4.074 GC heap after
Heap after GC invocations=11 (full 0):
 def new generation   total 4800K, used 403K [0xa0cc0000, 0xa11f0000, 0xa60c0000)
  eden space 4288K,   0% used [0xa0cc0000, 0xa0cc0000, 0xa10f0000)
  from space 512K,  78% used [0xa1170000, 0xa11d4da8, 0xa11f0000)
  to   space 512K,   0% used [0xa10f0000, 0xa10f0000, 0xa1170000)
 tenured generation   total 10752K, used 2495K [0xa60c0000, 0xa6b40000, 0xb08c0000)
   the space 10752K,  23% used [0xa60c0000, 0xa632fcb8, 0xa632fe00, 0xa6b40000)
 compacting perm gen  total 12288K, used 5964K [0xb08c0000, 0xb14c0000, 0xb48c0000)
   the space 12288K,  48% used [0xb08c0000, 0xb0e93310, 0xb0e93400, 0xb14c0000)
No shared spaces configured.
}
Event: 4.273 GC heap before
{Heap before GC invocations=11 (full 0):
 def new generation   total 4800K, used 4691K [0xa0cc0000, 0xa11f0000, 0xa60c0000)
  eden space 4288K, 100% used [0xa0cc0000, 0xa10f0000, 0xa10f0000)
  from space 512K,  78% used [0xa1170000, 0xa11d4da8, 0xa11f0000)
  to   space 512K,   0% used [0xa10f0000, 0xa10f0000, 0xa1170000)
 tenured generation   total 10752K, used 2495K [0xa60c0000, 0xa6b40000, 0xb08c0000)
   the space 10752K,  23% used [0xa60c0000, 0xa632fcb8, 0xa632fe00, 0xa6b40000)
 compacting perm gen  total 12288K, used 6179K [0xb08c0000, 0xb14c0000, 0xb48c0000)
   the space 12288K,  50% used [0xb08c0000, 0xb0ec8d88, 0xb0ec8e00, 0xb14c0000)
No shared spaces configured.
Event: 4.275 GC heap after
Heap after GC invocations=12 (full 0):
 def new generation   total 4800K, used 512K [0xa0cc0000, 0xa11f0000, 0xa60c0000)
  eden space 4288K,   0% used [0xa0cc0000, 0xa0cc0000, 0xa10f0000)
  from space 512K, 100% used [0xa10f0000, 0xa1170000, 0xa1170000)
  to   space 512K,   0% used [0xa1170000, 0xa1170000, 0xa11f0000)
 tenured generation   total 10752K, used 2952K [0xa60c0000, 0xa6b40000, 0xb08c0000)
   the space 10752K,  27% used [0xa60c0000, 0xa63a2140, 0xa63a2200, 0xa6b40000)
 compacting perm gen  total 12288K, used 6179K [0xb08c0000, 0xb14c0000, 0xb48c0000)
   the space 12288K,  50% used [0xb08c0000, 0xb0ec8d88, 0xb0ec8e00, 0xb14c0000)
No shared spaces configured.
}

Deoptimization events (0 events):
No events

Internal exceptions (10 events):
Event: 4.160 Thread 0x088c9800 Threw 0xa0efdff8 at /HUDSON/workspace/jdk7u40-2-build-linux-i586-product/jdk7u40/hotspot/src/share/vm/prims/jvm.cpp:1244
Event: 4.160 Thread 0x088c9800 Threw 0xa0f0c598 at /HUDSON/workspace/jdk7u40-2-build-linux-i586-product/jdk7u40/hotspot/src/share/vm/prims/jvm.cpp:1244
Event: 4.161 Thread 0x088c9800 Threw 0xa0f1c400 at /HUDSON/workspace/jdk7u40-2-build-linux-i586-product/jdk7u40/hotspot/src/share/vm/prims/jvm.cpp:1244
Event: 4.386 Thread 0x088c9800 Threw 0xa0f30fc0 at /HUDSON/workspace/jdk7u40-2-build-linux-i586-product/jdk7u40/hotspot/src/share/vm/prims/jvm.cpp:1244
Event: 4.386 Thread 0x088c9800 Threw 0xa0f3d0e8 at /HUDSON/workspace/jdk7u40-2-build-linux-i586-product/jdk7u40/hotspot/src/share/vm/prims/jvm.cpp:1244
Event: 4.399 Thread 0x088c9800 Threw 0xa0f4ac60 at /HUDSON/workspace/jdk7u40-2-build-linux-i586-product/jdk7u40/hotspot/src/share/vm/prims/jvm.cpp:1244
Event: 4.400 Thread 0x088c9800 Threw 0xa0f57d48 at /HUDSON/workspace/jdk7u40-2-build-linux-i586-product/jdk7u40/hotspot/src/share/vm/prims/jvm.cpp:1244
Event: 4.400 Thread 0x088c9800 Threw 0xa0f65740 at /HUDSON/workspace/jdk7u40-2-build-linux-i586-product/jdk7u40/hotspot/src/share/vm/prims/jvm.cpp:1244
Event: 4.400 Thread 0x088c9800 Threw 0xa0f726b8 at /HUDSON/workspace/jdk7u40-2-build-linux-i586-product/jdk7u40/hotspot/src/share/vm/prims/jvm.cpp:1244
Event: 4.401 Thread 0x088c9800 Threw 0xa0f7fc70 at /HUDSON/workspace/jdk7u40-2-build-linux-i586-product/jdk7u40/hotspot/src/share/vm/prims/jvm.cpp:1244

Events (10 events):
Event: 4.400 loading class 0x08fe49b0
Event: 4.400 loading class 0x08fe49b0 done
Event: 4.400 loading class 0x08e71880
Event: 4.400 loading class 0x08e71880 done
Event: 4.400 loading class 0x08fe6b00
Event: 4.400 loading class 0x08fe6b00 done
Event: 4.401 loading class 0x08fe69f8
Event: 4.401 loading class 0x08fe69f8 done
Event: 4.492 Executing VM operation: EnableBiasedLocking
Event: 4.492 Executing VM operation: EnableBiasedLocking done


Dynamic libraries:
08048000-0805d000 r-xp 00000000 08:01 1067741    /home/guest/work/hw2/GraphLite/engine/graphlite-i686
0805d000-0805e000 r--p 00014000 08:01 1067741    /home/guest/work/hw2/GraphLite/engine/graphlite-i686
0805e000-0805f000 rw-p 00015000 08:01 1067741    /home/guest/work/hw2/GraphLite/engine/graphlite-i686
088b7000-09054000 rw-p 00000000 00:00 0          [heap]
9e9ad000-9e9ae000 ---p 00000000 00:00 0 
9e9ae000-9f1ae000 rw-p 00000000 00:00 0          [stack:6986]
9f1ae000-9f1af000 ---p 00000000 00:00 0 
9f1af000-9f9af000 rw-p 00000000 00:00 0          [stack:6985]
9f9af000-9f9b2000 ---p 00000000 00:00 0 
9f9b2000-9fa00000 rw-p 00000000 00:00 0 
9fa00000-9faea000 rw-p 00000000 00:00 0 
9faea000-9fb00000 ---p 00000000 00:00 0 
9fb33000-9fb35000 r--s 00019000 08:01 280241     /usr/local/java/jdk1.7.0_40/jre/lib/jce.jar
9fb35000-9fb36000 r-xp 00000000 08:01 674194     /usr/local/java/jdk1.7.0_40/jre/lib/i386/libjaas_unix.so
9fb36000-9fb37000 rw-p 00000000 08:01 674194     /usr/local/java/jdk1.7.0_40/jre/lib/i386/libjaas_unix.so
9fb37000-9fb3a000 ---p 00000000 00:00 0 
9fb3a000-9fb4e000 rw-p 00000000 00:00 0          [stack:6983]
9fb4e000-9fb6d000 r-xp 00000000 08:01 548573     /usr/local/java/hadoop-2.6.0/lib/native/libhadoop.so.1.0.0
9fb6d000-9fb6e000 r--p 0001e000 08:01 548573     /usr/local/java/hadoop-2.6.0/lib/native/libhadoop.so.1.0.0
9fb6e000-9fb6f000 rw-p 0001f000 08:01 548573     /usr/local/java/hadoop-2.6.0/lib/native/libhadoop.so.1.0.0
9fb6f000-9fb76000 r-xp 00000000 08:01 674213     /usr/local/java/jdk1.7.0_40/jre/lib/i386/libmanagement.so
9fb76000-9fb77000 rw-p 00006000 08:01 674213     /usr/local/java/jdk1.7.0_40/jre/lib/i386/libmanagement.so
9fb77000-9fb8b000 r-xp 00000000 08:01 674218     /usr/local/java/jdk1.7.0_40/jre/lib/i386/libnet.so
9fb8b000-9fb8c000 rw-p 00014000 08:01 674218     /usr/local/java/jdk1.7.0_40/jre/lib/i386/libnet.so
9fb8c000-9fb9a000 r-xp 00000000 08:01 674227     /usr/local/java/jdk1.7.0_40/jre/lib/i386/libnio.so
9fb9a000-9fb9b000 rw-p 0000e000 08:01 674227     /usr/local/java/jdk1.7.0_40/jre/lib/i386/libnio.so
9fb9b000-9fba0000 r--s 00035000 08:01 555665     /usr/local/java/hadoop-2.6.0/share/hadoop/mapreduce/hadoop-mapreduce-client-hs-2.6.0.jar
9fba0000-9fbac000 r--s 00097000 08:01 555664     /usr/local/java/hadoop-2.6.0/share/hadoop/mapreduce/hadoop-mapreduce-client-common-2.6.0.jar
9fbac000-9fbb6000 r--s 00072000 08:01 555663     /usr/local/java/hadoop-2.6.0/share/hadoop/mapreduce/hadoop-mapreduce-client-app-2.6.0.jar
9fbb6000-9fbce000 r--s 00159000 08:01 555662     /usr/local/java/hadoop-2.6.0/share/hadoop/mapreduce/hadoop-mapreduce-client-core-2.6.0.jar
9fbce000-9fbd0000 r--s 00008000 08:01 555661     /usr/local/java/hadoop-2.6.0/share/hadoop/mapreduce/hadoop-mapreduce-client-jobclient-2.6.0.jar
9fbd0000-9fbd1000 r--s 0000a000 08:01 555660     /usr/local/java/hadoop-2.6.0/share/hadoop/mapreduce/hadoop-mapreduce-client-shuffle-2.6.0.jar
9fbd1000-9fbd7000 r--s 0003d000 08:01 555659     /usr/local/java/hadoop-2.6.0/share/hadoop/mapreduce/hadoop-mapreduce-examples-2.6.0.jar
9fbd7000-9fbed000 r--s 00157000 08:01 555642     /usr/local/java/hadoop-2.6.0/share/hadoop/mapreduce/hadoop-mapreduce-client-jobclient-2.6.0-tests.jar
9fbed000-9fbee000 r--s 00000000 08:01 555618     /usr/local/java/hadoop-2.6.0/share/hadoop/mapreduce/hadoop-mapreduce-client-hs-plugins-2.6.0.jar
9fbee000-9fbf2000 r--s 00035000 08:01 555641     /usr/local/java/hadoop-2.6.0/share/hadoop/mapreduce/lib/jackson-core-asl-1.9.13.jar
9fbf2000-9fbf4000 r--s 000f2000 08:01 555640     /usr/local/java/hadoop-2.6.0/share/hadoop/mapreduce/lib/snappy-java-1.0.4.1.jar
9fbf4000-9fbf8000 r--s 0002a000 08:01 555639     /usr/local/java/hadoop-2.6.0/share/hadoop/mapreduce/lib/commons-io-2.4.jar
9fbf8000-9fbfe000 r--s 00036000 08:01 555638     /usr/local/java/hadoop-2.6.0/share/hadoop/mapreduce/lib/junit-4.11.jar
9fbfe000-9fc15000 r--s 0010e000 08:01 555637     /usr/local/java/hadoop-2.6.0/share/hadoop/mapreduce/lib/netty-3.6.2.Final.jar
9fc15000-9fc18000 r--s 000fd000 08:01 555636     /usr/local/java/hadoop-2.6.0/share/hadoop/mapreduce/lib/leveldbjni-all-1.8.jar
9fc18000-9fc21000 r--s 0006f000 08:01 555635     /usr/local/java/hadoop-2.6.0/share/hadoop/mapreduce/lib/log4j-1.2.17.jar
9fc21000-9fc23000 r--s 0000e000 08:01 555634     /usr/local/java/hadoop-2.6.0/share/hadoop/mapreduce/lib/guice-servlet-3.0.jar
9fc23000-9fc27000 r--s 00014000 08:01 555633     /usr/local/java/hadoop-2.6.0/share/hadoop/mapreduce/lib/xz-1.0.jar
9fc27000-9fc29000 r--s 00000000 08:01 555632     /usr/local/java/hadoop-2.6.0/share/hadoop/mapreduce/lib/aopalliance-1.0.jar
9fc29000-9fc33000 r--s 00066000 08:01 555631     /usr/local/java/hadoop-2.6.0/share/hadoop/mapreduce/lib/jersey-core-1.9.jar
9fc33000-9fc35000 r--s 00003000 08:01 555630     /usr/local/java/hadoop-2.6.0/share/hadoop/mapreduce/lib/hadoop-annotations-2.6.0.jar
9fc35000-9fc3c000 r--s 00044000 08:01 555629     /usr/local/java/hadoop-2.6.0/share/hadoop/mapreduce/lib/avro-1.7.4.jar
9fc3c000-9fc3d000 r--s 00003000 08:01 555628     /usr/local/java/hadoop-2.6.0/share/hadoop/mapreduce/lib/jersey-guice-1.9.jar
9fc3d000-9fc45000 r--s 0007b000 08:01 555627     /usr/local/java/hadoop-2.6.0/share/hadoop/mapreduce/lib/protobuf-java-2.5.0.jar
9fc45000-9fc47000 r--s 00006000 08:01 555626     /usr/local/java/hadoop-2.6.0/share/hadoop/mapreduce/lib/paranamer-2.3.jar
9fc47000-9fc48000 r--s 0000a000 08:01 555625     /usr/local/java/hadoop-2.6.0/share/hadoop/mapreduce/lib/asm-3.2.jar
9fc48000-9fc57000 r--s 0009f000 08:01 555624     /usr/local/java/hadoop-2.6.0/share/hadoop/mapreduce/lib/guice-3.0.jar
9fc57000-9fc5c000 r--s 00036000 08:01 555623     /usr/local/java/hadoop-2.6.0/share/hadoop/mapreduce/lib/commons-compress-1.4.1.jar
9fc5c000-9fc5e000 r--s 00009000 08:01 555622     /usr/local/java/hadoop-2.6.0/share/hadoop/mapreduce/lib/hamcrest-core-1.3.jar
9fc5e000-9fc5f000 r--s 00000000 08:01 555621     /usr/local/java/hadoop-2.6.0/share/hadoop/mapreduce/lib/javax.inject-1.jar
9fc5f000-9fc71000 r--s 0009d000 08:01 555620     /usr/local/java/hadoop-2.6.0/share/hadoop/mapreduce/lib/jersey-server-1.9.jar
9fc71000-9fc7f000 r--s 000b1000 08:01 555619     /usr/local/java/hadoop-2.6.0/share/hadoop/mapreduce/lib/jackson-mapper-asl-1.9.13.jar
9fc7f000-9fc94000 r--s 00101000 08:01 555606     /usr/local/java/hadoop-2.6.0/share/hadoop/yarn/hadoop-yarn-server-resourcemanager-2.6.0.jar
9fc94000-9fc95000 r--s 00006000 08:01 555605     /usr/local/java/hadoop-2.6.0/share/hadoop/yarn/hadoop-yarn-server-web-proxy-2.6.0.jar
9fc95000-9fc9b000 r--s 00041000 08:01 555604     /usr/local/java/hadoop-2.6.0/share/hadoop/yarn/hadoop-yarn-server-common-2.6.0.jar
9fc9b000-9fc9e000 r--s 00015000 08:01 555603     /usr/local/java/hadoop-2.6.0/share/hadoop/yarn/hadoop-yarn-registry-2.6.0.jar
9fc9e000-9fca0000 r--s 00008000 08:01 555602     /usr/local/java/hadoop-2.6.0/share/hadoop/yarn/hadoop-yarn-server-tests-2.6.0.jar
9fca0000-9fca2000 r--s 0000a000 08:01 555601     /usr/local/java/hadoop-2.6.0/share/hadoop/yarn/hadoop-yarn-applications-distributedshell-2.6.0.jar
9fca2000-9fcbd000 r--s 001ae000 08:01 555600     /usr/local/java/hadoop-2.6.0/share/hadoop/yarn/hadoop-yarn-api-2.6.0.jar
9fcbd000-9fcc0000 r--s 0001d000 08:01 555599     /usr/local/java/hadoop-2.6.0/share/hadoop/yarn/hadoop-yarn-client-2.6.0.jar
9fcc0000-9fcd7000 r--s 00171000 08:01 555598     /usr/local/java/hadoop-2.6.0/share/hadoop/yarn/hadoop-yarn-common-2.6.0.jar
9fcd7000-9fcd8000 r--s 00003000 08:01 555597     /usr/local/java/hadoop-2.6.0/share/hadoop/yarn/hadoop-yarn-applications-unmanaged-am-launcher-2.6.0.jar
9fcd8000-9fcdc000 r--s 00025000 08:01 555596     /usr/local/java/hadoop-2.6.0/share/hadoop/yarn/hadoop-yarn-server-applicationhistoryservice-2.6.0.jar
9fcdc000-9fce9000 r--s 0008f000 08:01 555594     /usr/local/java/hadoop-2.6.0/share/hadoop/yarn/hadoop-yarn-server-nodemanager-2.6.0.jar
9fce9000-9fced000 r--s 00035000 08:01 825593     /usr/local/java/hadoop-2.6.0/share/hadoop/yarn/lib/jackson-core-asl-1.9.13.jar
9fced000-9fcef000 r--s 0000e000 08:01 825592     /usr/local/java/hadoop-2.6.0/share/hadoop/yarn/lib/commons-logging-1.1.3.jar
9fcef000-9fcf3000 r--s 0002a000 08:01 825591     /usr/local/java/hadoop-2.6.0/share/hadoop/yarn/lib/commons-io-2.4.jar
9fcf3000-9fcf6000 r--s 0001d000 08:01 825590     /usr/local/java/hadoop-2.6.0/share/hadoop/yarn/lib/jersey-client-1.9.jar
9fcf6000-9fcf7000 r--s 00004000 08:01 825589     /usr/local/java/hadoop-2.6.0/share/hadoop/yarn/lib/jackson-jaxrs-1.9.13.jar
9fcf7000-9fcf9000 r--s 00018000 08:01 825588     /usr/local/java/hadoop-2.6.0/share/hadoop/yarn/lib/servlet-api-2.5.jar
9fcf9000-9fd10000 r--s 0010e000 08:01 825587     /usr/local/java/hadoop-2.6.0/share/hadoop/yarn/lib/netty-3.6.2.Final.jar
9fd10000-9fd13000 r--s 000fd000 08:01 825586     /usr/local/java/hadoop-2.6.0/share/hadoop/yarn/lib/leveldbjni-all-1.8.jar
9fd13000-9fd1c000 r--s 0006f000 08:01 825585     /usr/local/java/hadoop-2.6.0/share/hadoop/yarn/lib/log4j-1.2.17.jar
9fd1c000-9fd1e000 r--s 0000e000 08:01 825584     /usr/local/java/hadoop-2.6.0/share/hadoop/yarn/lib/guice-servlet-3.0.jar
9fd1e000-9fd22000 r--s 00014000 08:01 825583     /usr/local/java/hadoop-2.6.0/share/hadoop/yarn/lib/xz-1.0.jar
9fd22000-9fd43000 r--s 00172000 08:01 825582     /usr/local/java/hadoop-2.6.0/share/hadoop/yarn/lib/guava-11.0.2.jar
9fd43000-9fd45000 r--s 00000000 08:01 825581     /usr/local/java/hadoop-2.6.0/share/hadoop/yarn/lib/aopalliance-1.0.jar
9fd45000-9fd47000 r--s 0000d000 08:01 825580     /usr/local/java/hadoop-2.6.0/share/hadoop/yarn/lib/commons-codec-1.4.jar
9fd47000-9fd4b000 r--s 00028000 08:01 825579     /usr/local/java/hadoop-2.6.0/share/hadoop/yarn/lib/jetty-util-6.1.26.jar
9fd4b000-9fd5e000 r--s 000c7000 08:01 825578     /usr/local/java/hadoop-2.6.0/share/hadoop/yarn/lib/jaxb-impl-2.2.3-1.jar
9fd5e000-9fd68000 r--s 00066000 08:01 825577     /usr/local/java/hadoop-2.6.0/share/hadoop/yarn/lib/jersey-core-1.9.jar
9fd68000-9fd6e000 r--s 00045000 08:01 825576     /usr/local/java/hadoop-2.6.0/share/hadoop/yarn/lib/commons-httpclient-3.1.jar
9fd6e000-9fd73000 r--s 00041000 08:01 825575     /usr/local/java/hadoop-2.6.0/share/hadoop/yarn/lib/commons-lang-2.6.jar
9fd73000-9fd77000 r--s 00021000 08:01 825574     /usr/local/java/hadoop-2.6.0/share/hadoop/yarn/lib/jersey-json-1.9.jar
9fd77000-9fd79000 r--s 00009000 08:01 825573     /usr/local/java/hadoop-2.6.0/share/hadoop/yarn/lib/commons-cli-1.2.jar
9fd79000-9fd7a000 r--s 00003000 08:01 825572     /usr/local/java/hadoop-2.6.0/share/hadoop/yarn/lib/jersey-guice-1.9.jar
9fd7a000-9fd7d000 r--s 00017000 08:01 825571     /usr/local/java/hadoop-2.6.0/share/hadoop/yarn/lib/jaxb-api-2.2.2.jar
9fd7d000-9fd85000 r--s 0007b000 08:01 825570     /usr/local/java/hadoop-2.6.0/share/hadoop/yarn/lib/protobuf-java-2.5.0.jar
9fd85000-9fd87000 r--s 00014000 08:01 825569     /usr/local/java/hadoop-2.6.0/share/hadoop/yarn/lib/jline-0.9.94.jar
9fd87000-9fd88000 r--s 00006000 08:01 825568     /usr/local/java/hadoop-2.6.0/share/hadoop/yarn/lib/jackson-xc-1.9.13.jar
9fd88000-9fd94000 r--s 000b6000 08:01 825567     /usr/local/java/hadoop-2.6.0/share/hadoop/yarn/lib/zookeeper-3.4.6.jar
9fd94000-9fd96000 r--s 0000f000 08:01 825566     /usr/local/java/hadoop-2.6.0/share/hadoop/yarn/lib/jettison-1.1.jar
9fd96000-9fd98000 r--s 00004000 08:01 825565     /usr/local/java/hadoop-2.6.0/share/hadoop/yarn/lib/stax-api-1.0-2.jar
9fd98000-9fda6000 r--s 0007f000 08:01 825564     /usr/local/java/hadoop-2.6.0/share/hadoop/yarn/lib/commons-collections-3.2.1.jar
9fda6000-9fda8000 r--s 0000e000 08:01 825563     /usr/local/java/hadoop-2.6.0/share/hadoop/yarn/lib/activation-1.1.jar
9fda8000-9fda9000 r--s 0000a000 08:01 825562     /usr/local/java/hadoop-2.6.0/share/hadoop/yarn/lib/asm-3.2.jar
9fda9000-9fdb0000 r--s 0007d000 08:01 825561     /usr/local/java/hadoop-2.6.0/share/hadoop/yarn/lib/jetty-6.1.26.jar
9fdb0000-9fdbf000 r--s 0009f000 08:01 825560     /usr/local/java/hadoop-2.6.0/share/hadoop/yarn/lib/guice-3.0.jar
9fdbf000-9fdc4000 r--s 00036000 08:01 825559     /usr/local/java/hadoop-2.6.0/share/hadoop/yarn/lib/commons-compress-1.4.1.jar
9fdc4000-9fdc5000 r--s 00000000 08:01 825558     /usr/local/java/hadoop-2.6.0/share/hadoop/yarn/lib/javax.inject-1.jar
9fdc5000-9fdd7000 r--s 0009d000 08:01 825557     /usr/local/java/hadoop-2.6.0/share/hadoop/yarn/lib/jersey-server-1.9.jar
9fdd7000-9fde5000 r--s 000b1000 08:01 825556     /usr/local/java/hadoop-2.6.0/share/hadoop/yarn/lib/jackson-mapper-asl-1.9.13.jar
9fde5000-9fde8000 r--s 00006000 08:01 825555     /usr/local/java/hadoop-2.6.0/share/hadoop/yarn/lib/jsr305-1.3.9.jar
9fde8000-9fe4d000 r--s 00711000 08:01 555306     /usr/local/java/hadoop-2.6.0/share/hadoop/hdfs/hadoop-hdfs-2.6.0.jar
9fe4d000-9fe6e000 r--s 002c3000 08:01 555305     /usr/local/java/hadoop-2.6.0/share/hadoop/hdfs/hadoop-hdfs-2.6.0-tests.jar
9fe6e000-9fe70000 r--s 00016000 08:01 555575     /usr/local/java/hadoop-2.6.0/share/hadoop/hdfs/hadoop-hdfs-nfs-2.6.0.jar
9fe70000-9fe74000 r--s 00035000 08:01 555302     /usr/local/java/hadoop-2.6.0/share/hadoop/hdfs/lib/jackson-core-asl-1.9.13.jar
9fe74000-9fe76000 r--s 0000e000 08:01 555301     /usr/local/java/hadoop-2.6.0/share/hadoop/hdfs/lib/commons-logging-1.1.3.jar
9fe76000-9fe7e000 r--s 00028000 08:01 555300     /usr/local/java/hadoop-2.6.0/share/hadoop/hdfs/lib/xml-apis-1.3.04.jar
9fe7e000-9fe82000 r--s 0002a000 08:01 555299     /usr/local/java/hadoop-2.6.0/share/hadoop/hdfs/lib/commons-io-2.4.jar
9fe82000-9fe9a000 r--s 00115000 08:01 555298     /usr/local/java/hadoop-2.6.0/share/hadoop/hdfs/lib/xercesImpl-2.9.1.jar
9fe9a000-9fe9c000 r--s 00018000 08:01 555297     /usr/local/java/hadoop-2.6.0/share/hadoop/hdfs/lib/servlet-api-2.5.jar
9fe9c000-9feb3000 r--s 0010e000 08:01 555296     /usr/local/java/hadoop-2.6.0/share/hadoop/hdfs/lib/netty-3.6.2.Final.jar
9feb3000-9febc000 r--s 0006f000 08:01 555295     /usr/local/java/hadoop-2.6.0/share/hadoop/hdfs/lib/log4j-1.2.17.jar
9febc000-9fedd000 r--s 00172000 08:01 555294     /usr/local/java/hadoop-2.6.0/share/hadoop/hdfs/lib/guava-11.0.2.jar
9fedd000-9fedf000 r--s 0000d000 08:01 555293     /usr/local/java/hadoop-2.6.0/share/hadoop/hdfs/lib/commons-codec-1.4.jar
9fedf000-9fee2000 r--s 00019000 08:01 555292     /usr/local/java/hadoop-2.6.0/share/hadoop/hdfs/lib/commons-el-1.0.jar
9fee2000-9fee6000 r--s 00028000 08:01 555291     /usr/local/java/hadoop-2.6.0/share/hadoop/hdfs/lib/jetty-util-6.1.26.jar
9fee6000-9fef0000 r--s 00066000 08:01 555290     /usr/local/java/hadoop-2.6.0/share/hadoop/hdfs/lib/jersey-core-1.9.jar
9fef0000-9fef5000 r--s 00041000 08:01 555289     /usr/local/java/hadoop-2.6.0/share/hadoop/hdfs/lib/commons-lang-2.6.jar
9fef5000-9fef7000 r--s 00009000 08:01 555288     /usr/local/java/hadoop-2.6.0/share/hadoop/hdfs/lib/commons-cli-1.2.jar
9fef7000-9fef9000 r--s 00006000 08:01 555287     /usr/local/java/hadoop-2.6.0/share/hadoop/hdfs/lib/htrace-core-3.0.4.jar
9fef9000-9ff01000 r--s 0007b000 08:01 555286     /usr/local/java/hadoop-2.6.0/share/hadoop/hdfs/lib/protobuf-java-2.5.0.jar
9ff01000-9ff03000 r--s 00011000 08:01 555285     /usr/local/java/hadoop-2.6.0/share/hadoop/hdfs/lib/jasper-runtime-5.5.23.jar
9ff03000-9ff06000 r--s 00016000 08:01 555284     /usr/local/java/hadoop-2.6.0/share/hadoop/hdfs/lib/jsp-api-2.1.jar
9ff06000-9ff07000 r--s 0000a000 08:01 555283     /usr/local/java/hadoop-2.6.0/share/hadoop/hdfs/lib/asm-3.2.jar
9ff07000-9ff0e000 r--s 0007d000 08:01 555282     /usr/local/java/hadoop-2.6.0/share/hadoop/hdfs/lib/jetty-6.1.26.jar
9ff0e000-9ff20000 r--s 0009d000 08:01 555281     /usr/local/java/hadoop-2.6.0/share/hadoop/hdfs/lib/jersey-server-1.9.jar
9ff20000-9ff21000 r--s 00005000 08:01 555280     /usr/local/java/hadoop-2.6.0/share/hadoop/hdfs/lib/commons-daemon-1.0.13.jar
9ff21000-9ff2f000 r--s 000b1000 08:01 555279     /usr/local/java/hadoop-2.6.0/share/hadoop/hdfs/lib/jackson-mapper-asl-1.9.13.jar
9ff2f000-9ff32000 r--s 00006000 08:01 555278     /usr/local/java/hadoop-2.6.0/share/hadoop/hdfs/lib/jsr305-1.3.9.jar
9ff32000-9ff33000 r--s 00003000 08:01 555277     /usr/local/java/hadoop-2.6.0/share/hadoop/hdfs/lib/xmlenc-0.52.jar
9ff33000-9ff38000 r--s 00022000 08:01 555254     /usr/local/java/hadoop-2.6.0/share/hadoop/common/hadoop-nfs-2.6.0.jar
9ff38000-9ff6d000 r--s 002f2000 08:01 555234     /usr/local/java/hadoop-2.6.0/share/hadoop/common/hadoop-common-2.6.0.jar
9ff6d000-9ff88000 r--s 00192000 08:01 555169     /usr/local/java/hadoop-2.6.0/share/hadoop/common/hadoop-common-2.6.0-tests.jar
9ff88000-9ff8c000 r--s 00035000 08:01 555233     /usr/local/java/hadoop-2.6.0/share/hadoop/common/lib/jackson-core-asl-1.9.13.jar
9ff8c000-9ff8e000 r--s 0000e000 08:01 555232     /usr/local/java/hadoop-2.6.0/share/hadoop/common/lib/commons-logging-1.1.3.jar
9ff8e000-9ff90000 r--s 00005000 08:01 555231     /usr/local/java/hadoop-2.6.0/share/hadoop/common/lib/slf4j-api-1.7.5.jar
9ff90000-9ff94000 r--s 00020000 08:01 555230     /usr/local/java/hadoop-2.6.0/share/hadoop/common/lib/commons-digester-1.8.jar
9ff94000-9ff96000 r--s 000f2000 08:01 555229     /usr/local/java/hadoop-2.6.0/share/hadoop/common/lib/snappy-java-1.0.4.1.jar
9ff96000-9ffb3000 r--s 0013e000 08:01 555253     /usr/local/java/hadoop-2.6.0/share/hadoop/common/lib/mockito-all-1.8.5.jar
9ffb3000-9ffb7000 r--s 0002a000 08:01 555228     /usr/local/java/hadoop-2.6.0/share/hadoop/common/lib/commons-io-2.4.jar
9ffb7000-9ffbd000 r--s 00036000 08:01 555252     /usr/local/java/hadoop-2.6.0/share/hadoop/common/lib/junit-4.11.jar
9ffbd000-9ffc2000 r--s 0002a000 08:01 555227     /usr/local/java/hadoop-2.6.0/share/hadoop/common/lib/commons-beanutils-1.7.0.jar
9ffc2000-9ffc3000 r--s 00004000 08:01 555226     /usr/local/java/hadoop-2.6.0/share/hadoop/common/lib/java-xmlbuilder-0.4.jar
9ffc3000-9ffc4000 r--s 00004000 08:01 555225     /usr/local/java/hadoop-2.6.0/share/hadoop/common/lib/jackson-jaxrs-1.9.13.jar
9ffc4000-9ffc9000 r--s 0003e000 08:01 555224     /usr/local/java/hadoop-2.6.0/share/hadoop/common/lib/commons-net-3.1.jar
9ffc9000-9ffcb000 r--s 00018000 08:01 555223     /usr/local/java/hadoop-2.6.0/share/hadoop/common/lib/servlet-api-2.5.jar
9ffcb000-9ffd1000 r--s 00043000 08:01 555222     /usr/local/java/hadoop-2.6.0/share/hadoop/common/lib/commons-configuration-1.6.jar
9ffd1000-9ffe8000 r--s 0010e000 08:01 555221     /usr/local/java/hadoop-2.6.0/share/hadoop/common/lib/netty-3.6.2.Final.jar
9ffe8000-9fff1000 r--s 0006f000 08:01 555220     /usr/local/java/hadoop-2.6.0/share/hadoop/common/lib/log4j-1.2.17.jar
9fff1000-9fff5000 r--s 00014000 08:01 555219     /usr/local/java/hadoop-2.6.0/share/hadoop/common/lib/xz-1.0.jar
9fff5000-a0016000 r--s 00172000 08:01 555218     /usr/local/java/hadoop-2.6.0/share/hadoop/common/lib/guava-11.0.2.jar
a0016000-a0018000 r--s 0000d000 08:01 555217     /usr/local/java/hadoop-2.6.0/share/hadoop/common/lib/commons-codec-1.4.jar
a0018000-a0035000 r--s 0016a000 08:01 555216     /usr/local/java/hadoop-2.6.0/share/hadoop/common/lib/commons-math3-3.1.1.jar
a0035000-a0038000 r--s 00019000 08:01 555215     /usr/local/java/hadoop-2.6.0/share/hadoop/common/lib/commons-el-1.0.jar
a0038000-a003c000 r--s 00028000 08:01 555214     /usr/local/java/hadoop-2.6.0/share/hadoop/common/lib/jetty-util-6.1.26.jar
a003c000-a003e000 r--s 00003000 08:01 555213     /usr/local/java/hadoop-2.6.0/share/hadoop/common/lib/api-asn1-api-1.0.0-M20.jar
a003e000-a0051000 r--s 000c7000 08:01 555212     /usr/local/java/hadoop-2.6.0/share/hadoop/common/lib/jaxb-impl-2.2.3-1.jar
a0051000-a005b000 r--s 00066000 08:01 555211     /usr/local/java/hadoop-2.6.0/share/hadoop/common/lib/jersey-core-1.9.jar
a005b000-a0061000 r--s 00045000 08:01 555210     /usr/local/java/hadoop-2.6.0/share/hadoop/common/lib/commons-httpclient-3.1.jar
a0061000-a0063000 r--s 00003000 08:01 555209     /usr/local/java/hadoop-2.6.0/share/hadoop/common/lib/hadoop-annotations-2.6.0.jar
a0063000-a0068000 r--s 00041000 08:01 555208     /usr/local/java/hadoop-2.6.0/share/hadoop/common/lib/commons-lang-2.6.jar
a0068000-a006c000 r--s 00021000 08:01 555207     /usr/local/java/hadoop-2.6.0/share/hadoop/common/lib/jersey-json-1.9.jar
a006c000-a0071000 r--s 0002a000 08:01 555206     /usr/local/java/hadoop-2.6.0/share/hadoop/common/lib/gson-2.2.4.jar
a0071000-a0073000 r--s 00009000 08:01 555205     /usr/local/java/hadoop-2.6.0/share/hadoop/common/lib/commons-cli-1.2.jar
a0073000-a007a000 r--s 00044000 08:01 555204     /usr/local/java/hadoop-2.6.0/share/hadoop/common/lib/avro-1.7.4.jar
a007a000-a007f000 r--s 0005f000 08:01 555203     /usr/local/java/hadoop-2.6.0/share/hadoop/common/lib/jasper-compiler-5.5.23.jar
a007f000-a0082000 r--s 00017000 08:01 555202     /usr/local/java/hadoop-2.6.0/share/hadoop/common/lib/jaxb-api-2.2.2.jar
a0082000-a0084000 r--s 00006000 08:01 555201     /usr/local/java/hadoop-2.6.0/share/hadoop/common/lib/htrace-core-3.0.4.jar
a0084000-a008c000 r--s 0007b000 08:01 555200     /usr/local/java/hadoop-2.6.0/share/hadoop/common/lib/protobuf-java-2.5.0.jar
a008c000-a0095000 r--s 0007b000 08:01 555199     /usr/local/java/hadoop-2.6.0/share/hadoop/common/lib/jets3t-0.9.0.jar
a0095000-a009b000 r--s 00032000 08:01 555197     /usr/local/java/hadoop-2.6.0/share/hadoop/common/lib/httpcore-4.2.5.jar
a009b000-a009d000 r--s 00011000 08:01 555196     /usr/local/java/hadoop-2.6.0/share/hadoop/common/lib/jasper-runtime-5.5.23.jar
a009d000-a00a0000 r--s 00016000 08:01 555195     /usr/local/java/hadoop-2.6.0/share/hadoop/common/lib/jsp-api-2.1.jar
a00a0000-a00ac000 r--s 000b6000 08:01 555194     /usr/local/java/hadoop-2.6.0/share/hadoop/common/lib/zookeeper-3.4.6.jar
a00ac000-a00ae000 r--s 0000f000 08:01 555193     /usr/local/java/hadoop-2.6.0/share/hadoop/common/lib/jettison-1.1.jar
a00ae000-a00b0000 r--s 00004000 08:01 555192     /usr/local/java/hadoop-2.6.0/share/hadoop/common/lib/stax-api-1.0-2.jar
a00b0000-a00b3000 r--s 0002b000 08:01 555191     /usr/local/java/hadoop-2.6.0/share/hadoop/common/lib/jsch-0.1.42.jar
a00b3000-a00c1000 r--s 0007f000 08:01 555190     /usr/local/java/hadoop-2.6.0/share/hadoop/common/lib/commons-collections-3.2.1.jar
a00c1000-a00c3000 r--s 0000e000 08:01 555189     /usr/local/java/hadoop-2.6.0/share/hadoop/common/lib/activation-1.1.jar
a00c3000-a00c7000 r--s 0002f000 08:01 555188     /usr/local/java/hadoop-2.6.0/share/hadoop/common/lib/commons-beanutils-core-1.8.0.jar
a00c7000-a00c9000 r--s 00006000 08:01 555187     /usr/local/java/hadoop-2.6.0/share/hadoop/common/lib/paranamer-2.3.jar
a00c9000-a00ca000 ---p 00000000 00:00 0 
a00ca000-a014a000 rw-p 00000000 00:00 0          [stack:6966]
a014a000-a014d000 ---p 00000000 00:00 0 
a014d000-a019b000 rw-p 00000000 00:00 0          [stack:6965]
a019b000-a0300000 r--p 001c8000 08:01 141230     /usr/lib/locale/locale-archive
a0300000-a0500000 r--p 00000000 08:01 141230     /usr/lib/locale/locale-archive
a0500000-a0521000 rw-p 00000000 00:00 0 
a0521000-a0600000 ---p 00000000 00:00 0 
a0600000-a0601000 r--s 00006000 08:01 555198     /usr/local/java/hadoop-2.6.0/share/hadoop/common/lib/jackson-xc-1.9.13.jar
a0601000-a0603000 r--s 0000f000 08:01 555185     /usr/local/java/hadoop-2.6.0/share/hadoop/common/lib/curator-client-2.6.0.jar
a0603000-a0609000 r--s 00028000 08:01 555184     /usr/local/java/hadoop-2.6.0/share/hadoop/common/lib/curator-framework-2.6.0.jar
a0609000-a0610000 r--s 0007d000 08:01 555183     /usr/local/java/hadoop-2.6.0/share/hadoop/common/lib/jetty-6.1.26.jar
a0610000-a0615000 r--s 00036000 08:01 555182     /usr/local/java/hadoop-2.6.0/share/hadoop/common/lib/commons-compress-1.4.1.jar
a0615000-a0627000 r--s 0009d000 08:01 555178     /usr/local/java/hadoop-2.6.0/share/hadoop/common/lib/jersey-server-1.9.jar
a0627000-a062e000 r--s 00036000 08:01 555177     /usr/local/java/hadoop-2.6.0/share/hadoop/common/lib/curator-recipes-2.6.0.jar
a062e000-a0631000 ---p 00000000 00:00 0 
a0631000-a06af000 rw-p 00000000 00:00 0          [stack:6964]
a06af000-a06b2000 ---p 00000000 00:00 0 
a06b2000-a0700000 rw-p 00000000 00:00 0          [stack:6963]
a0700000-a07ff000 rw-p 00000000 00:00 0 
a07ff000-a0800000 ---p 00000000 00:00 0 
a0800000-a0801000 r--s 0000a000 08:01 555186     /usr/local/java/hadoop-2.6.0/share/hadoop/common/lib/asm-3.2.jar
a0801000-a0803000 r--s 00009000 08:01 555251     /usr/local/java/hadoop-2.6.0/share/hadoop/common/lib/hamcrest-core-1.3.jar
a0803000-a0805000 r--s 00001000 08:01 555181     /usr/local/java/hadoop-2.6.0/share/hadoop/common/lib/slf4j-log4j12-1.7.5.jar
a0805000-a0813000 r--s 000b1000 08:01 555176     /usr/local/java/hadoop-2.6.0/share/hadoop/common/lib/jackson-mapper-asl-1.9.13.jar
a0813000-a0825000 r--s 00097000 08:01 555172     /usr/local/java/hadoop-2.6.0/share/hadoop/common/lib/apacheds-kerberos-codec-2.0.0-M15.jar
a0825000-a0828000 ---p 00000000 00:00 0 
a0828000-a0876000 rw-p 00000000 00:00 0          [stack:6962]
a0876000-a0879000 ---p 00000000 00:00 0 
a0879000-a08c7000 rw-p 00000000 00:00 0          [stack:6961]
a08c7000-a08c8000 ---p 00000000 00:00 0 
a08c8000-a0993000 rw-p 00000000 00:00 0          [stack:6960]
a0993000-a0b50000 r--s 039d3000 08:01 280158     /usr/local/java/jdk1.7.0_40/jre/lib/rt.jar
a0b50000-a0bb2000 rw-p 00000000 00:00 0 
a0bb2000-a0bcc000 rw-p 00000000 00:00 0 
a0bcc000-a0bd2000 rw-p 00000000 00:00 0 
a0bd2000-a0c21000 rw-p 00000000 00:00 0 
a0c21000-a0c24000 rw-p 00000000 00:00 0 
a0c24000-a0c4b000 rw-p 00000000 00:00 0 
a0c4b000-a0c51000 rw-p 00000000 00:00 0 
a0c51000-a0c9f000 rw-p 00000000 00:00 0 
a0c9f000-a0ca5000 rw-p 00000000 00:00 0 
a0ca5000-a0cbf000 rw-p 00000000 00:00 0 
a0cbf000-a11f0000 rw-p 00000000 00:00 0 
a11f0000-a60c0000 rw-p 00000000 00:00 0 
a60c0000-a6b40000 rw-p 00000000 00:00 0 
a6b40000-b08c0000 rw-p 00000000 00:00 0 
b08c0000-b14c0000 rw-p 00000000 00:00 0 
b14c0000-b48c0000 rw-p 00000000 00:00 0 
b48c0000-b48c2000 r--s 00012000 08:01 555180     /usr/local/java/hadoop-2.6.0/share/hadoop/common/lib/api-util-1.0.0-M20.jar
b48c2000-b48c3000 r--s 0000a000 08:01 555179     /usr/local/java/hadoop-2.6.0/share/hadoop/common/lib/apacheds-i18n-2.0.0-M15.jar
b48c3000-b48c6000 r--s 00006000 08:01 555174     /usr/local/java/hadoop-2.6.0/share/hadoop/common/lib/jsr305-1.3.9.jar
b48c6000-b48cc000 rw-p 00000000 00:00 0 
b48cc000-b4946000 rw-p 00000000 00:00 0 
b4946000-b4aa6000 rwxp 00000000 00:00 0 
b4aa6000-b6946000 rw-p 00000000 00:00 0 
b6946000-b695d000 r-xp 00000000 08:01 674240     /usr/local/java/jdk1.7.0_40/jre/lib/i386/libzip.so
b695d000-b695e000 rw-p 00017000 08:01 674240     /usr/local/java/jdk1.7.0_40/jre/lib/i386/libzip.so
b695e000-b6969000 r-xp 00000000 08:01 394309     /lib/i386-linux-gnu/libnss_files-2.19.so
b6969000-b696a000 r--p 0000a000 08:01 394309     /lib/i386-linux-gnu/libnss_files-2.19.so
b696a000-b696b000 rw-p 0000b000 08:01 394309     /lib/i386-linux-gnu/libnss_files-2.19.so
b696b000-b6975000 r-xp 00000000 08:01 394319     /lib/i386-linux-gnu/libnss_nis-2.19.so
b6975000-b6976000 r--p 00009000 08:01 394319     /lib/i386-linux-gnu/libnss_nis-2.19.so
b6976000-b6977000 rw-p 0000a000 08:01 394319     /lib/i386-linux-gnu/libnss_nis-2.19.so
b6977000-b698c000 r-xp 00000000 08:01 394303     /lib/i386-linux-gnu/libnsl-2.19.so
b698c000-b698d000 r--p 00015000 08:01 394303     /lib/i386-linux-gnu/libnsl-2.19.so
b698d000-b698e000 rw-p 00016000 08:01 394303     /lib/i386-linux-gnu/libnsl-2.19.so
b698e000-b6990000 rw-p 00000000 00:00 0 
b6990000-b6997000 r-xp 00000000 08:01 394305     /lib/i386-linux-gnu/libnss_compat-2.19.so
b6997000-b6998000 r--p 00006000 08:01 394305     /lib/i386-linux-gnu/libnss_compat-2.19.so
b6998000-b6999000 rw-p 00007000 08:01 394305     /lib/i386-linux-gnu/libnss_compat-2.19.so
b6999000-b699b000 r--s 0000f000 08:01 555175     /usr/local/java/hadoop-2.6.0/share/hadoop/common/lib/hadoop-auth-2.6.0.jar
b699b000-b699c000 r--s 00003000 08:01 555173     /usr/local/java/hadoop-2.6.0/share/hadoop/common/lib/xmlenc-0.52.jar
b699c000-b69a5000 r--s 00061000 08:01 555171     /usr/local/java/hadoop-2.6.0/share/hadoop/common/lib/httpclient-4.2.5.jar
b69a5000-b69ad000 rw-s 00000000 08:01 300        /tmp/hsperfdata_guest/6957
b69ad000-b69d0000 r-xp 00000000 08:01 674203     /usr/local/java/jdk1.7.0_40/jre/lib/i386/libjava.so
b69d0000-b69d1000 rw-p 00022000 08:01 674203     /usr/local/java/jdk1.7.0_40/jre/lib/i386/libjava.so
b69d1000-b69dc000 r-xp 00000000 08:01 674185     /usr/local/java/jdk1.7.0_40/jre/lib/i386/libverify.so
b69dc000-b69dd000 rw-p 0000b000 08:01 674185     /usr/local/java/jdk1.7.0_40/jre/lib/i386/libverify.so
b69dd000-b69df000 rw-p 00000000 00:00 0 
b69df000-b6a23000 r-xp 00000000 08:01 394284     /lib/i386-linux-gnu/libm-2.19.so
b6a23000-b6a24000 r--p 00043000 08:01 394284     /lib/i386-linux-gnu/libm-2.19.so
b6a24000-b6a25000 rw-p 00044000 08:01 394284     /lib/i386-linux-gnu/libm-2.19.so
b6a25000-b6a26000 rw-p 00000000 00:00 0 
b6a26000-b6fac000 r-xp 00000000 08:01 674198     /usr/local/java/jdk1.7.0_40/jre/lib/i386/client/libjvm.so
b6fac000-b6fcd000 rw-p 00586000 08:01 674198     /usr/local/java/jdk1.7.0_40/jre/lib/i386/client/libjvm.so
b6fcd000-b73ed000 rw-p 00000000 00:00 0 
b73ed000-b7596000 r-xp 00000000 08:01 394234     /lib/i386-linux-gnu/libc-2.19.so
b7596000-b7598000 r--p 001a9000 08:01 394234     /lib/i386-linux-gnu/libc-2.19.so
b7598000-b7599000 rw-p 001ab000 08:01 394234     /lib/i386-linux-gnu/libc-2.19.so
b7599000-b759c000 rw-p 00000000 00:00 0 
b759c000-b75b8000 r-xp 00000000 08:01 394261     /lib/i386-linux-gnu/libgcc_s.so.1
b75b8000-b75b9000 rw-p 0001b000 08:01 394261     /lib/i386-linux-gnu/libgcc_s.so.1
b75b9000-b7695000 r-xp 00000000 08:01 137389     /usr/lib/i386-linux-gnu/libstdc++.so.6.0.19
b7695000-b7696000 ---p 000dc000 08:01 137389     /usr/lib/i386-linux-gnu/libstdc++.so.6.0.19
b7696000-b769a000 r--p 000dc000 08:01 137389     /usr/lib/i386-linux-gnu/libstdc++.so.6.0.19
b769a000-b769b000 rw-p 000e0000 08:01 137389     /usr/lib/i386-linux-gnu/libstdc++.so.6.0.19
b769b000-b76a2000 rw-p 00000000 00:00 0 
b76a2000-b76a5000 r-xp 00000000 08:01 394251     /lib/i386-linux-gnu/libdl-2.19.so
b76a5000-b76a6000 r--p 00002000 08:01 394251     /lib/i386-linux-gnu/libdl-2.19.so
b76a6000-b76a7000 rw-p 00003000 08:01 394251     /lib/i386-linux-gnu/libdl-2.19.so
b76a7000-b76a8000 rw-p 00000000 00:00 0 
b76a8000-b76c0000 r-xp 00000000 08:01 394354     /lib/i386-linux-gnu/libpthread-2.19.so
b76c0000-b76c1000 r--p 00018000 08:01 394354     /lib/i386-linux-gnu/libpthread-2.19.so
b76c1000-b76c2000 rw-p 00019000 08:01 394354     /lib/i386-linux-gnu/libpthread-2.19.so
b76c2000-b76c4000 rw-p 00000000 00:00 0 
b76c4000-b76c5000 r--p 00855000 08:01 141230     /usr/lib/locale/locale-archive
b76c5000-b76c6000 rw-p 00000000 00:00 0 
b76c6000-b76c7000 r--p 00000000 00:00 0 
b76c7000-b76ce000 r-xp 00000000 08:01 394362     /lib/i386-linux-gnu/librt-2.19.so
b76ce000-b76cf000 r--p 00006000 08:01 394362     /lib/i386-linux-gnu/librt-2.19.so
b76cf000-b76d0000 rw-p 00007000 08:01 394362     /lib/i386-linux-gnu/librt-2.19.so
b76d0000-b76d4000 r-xp 00000000 08:01 1078260    /home/guest/work/hw2/GraphLite/example/1.so
b76d4000-b76d5000 ---p 00004000 08:01 1078260    /home/guest/work/hw2/GraphLite/example/1.so
b76d5000-b76d6000 r--p 00004000 08:01 1078260    /home/guest/work/hw2/GraphLite/example/1.so
b76d6000-b76d7000 rw-p 00005000 08:01 1078260    /home/guest/work/hw2/GraphLite/example/1.so
b76d7000-b76d8000 rw-p 00000000 00:00 0 
b76d8000-b76e7000 r-xp 00000000 08:01 555260     /usr/local/java/hadoop-2.6.0/lib/native/libhdfs.so.0.0.0
b76e7000-b76e8000 ---p 0000f000 08:01 555260     /usr/local/java/hadoop-2.6.0/lib/native/libhdfs.so.0.0.0
b76e8000-b76e9000 r--p 0000f000 08:01 555260     /usr/local/java/hadoop-2.6.0/lib/native/libhdfs.so.0.0.0
b76e9000-b76ea000 rw-p 00010000 08:01 555260     /usr/local/java/hadoop-2.6.0/lib/native/libhdfs.so.0.0.0
b76ea000-b76ec000 rw-p 00000000 00:00 0 
b76ec000-b76ed000 r-xp 00000000 00:00 0          [vdso]
b76ed000-b76ef000 r--p 00000000 00:00 0          [vvar]
b76ef000-b770f000 r-xp 00000000 08:01 394210     /lib/i386-linux-gnu/ld-2.19.so
b770f000-b7710000 r--p 0001f000 08:01 394210     /lib/i386-linux-gnu/ld-2.19.so
b7710000-b7711000 rw-p 00020000 08:01 394210     /lib/i386-linux-gnu/ld-2.19.so
bfac9000-bfacc000 ---p 00000000 00:00 0 
bfacd000-bfb19000 rw-p 00000000 00:00 0          [stack]

VM Arguments:
java_command: <unknown>
Launcher Type: generic

Environment Variables:
JAVA_HOME=/usr/local/java/jdk1.7.0_40
JRE_HOME=/usr/local/java/jdk1.7.0_40/jre
PATH=/usr/local/sbin:/usr/local/bin:/usr/sbin:/usr/bin:/sbin:/bin:/usr/games:/usr/local/games:/usr/local/java/hadoop-2.6.0/bin:/usr/local/java/hadoop-2.6.0/sbin:/usr/local/java/hbase-0.98.11-hadoop2/bin:/usr/local/java/jdk1.7.0_40/bin:/usr/local/java/jdk1.7.0_40/jre/bin:/home/guest/work/hw2/GraphLite/engine
LD_LIBRARY_PATH=/usr/local/java/hadoop-2.6.0/lib/native:/usr/local/java/jdk1.7.0_40/jre/lib/amd64/server
SHELL=/bin/bash

Signal Handlers:
SIGSEGV: [libjvm.so+0x503d90], sa_mask[0]=0x7ffbfeff, sa_flags=0x10000004
SIGBUS: [libjvm.so+0x503d90], sa_mask[0]=0x7ffbfeff, sa_flags=0x10000004
SIGFPE: [libjvm.so+0x3fbe80], sa_mask[0]=0x7ffbfeff, sa_flags=0x10000004
SIGPIPE: [libjvm.so+0x3fbe80], sa_mask[0]=0x7ffbfeff, sa_flags=0x10000004
SIGXFSZ: [libjvm.so+0x3fbe80], sa_mask[0]=0x7ffbfeff, sa_flags=0x10000004
SIGILL: [libjvm.so+0x3fbe80], sa_mask[0]=0x7ffbfeff, sa_flags=0x10000004
SIGUSR1: SIG_DFL, sa_mask[0]=0x00000000, sa_flags=0x00000000
SIGUSR2: [libjvm.so+0x3fd370], sa_mask[0]=0x00000000, sa_flags=0x10000004
SIGHUP: [libjvm.so+0x3fe4c0], sa_mask[0]=0x7ffbfeff, sa_flags=0x10000004
SIGINT: SIG_IGN, sa_mask[0]=0x00000000, sa_flags=0x00000000
SIGTERM: [libjvm.so+0x3fe4c0], sa_mask[0]=0x7ffbfeff, sa_flags=0x10000004
SIGQUIT: [libjvm.so+0x3fe4c0], sa_mask[0]=0x7ffbfeff, sa_flags=0x10000004


---------------  S Y S T E M  ---------------

OS:jessie/sid

uname:Linux 3.16.0-30-generic #40~14.04.1-Ubuntu SMP Thu Jan 15 17:45:15 UTC 2015 i686
libc:glibc 2.19 NPTL 2.19 
rlimit: STACK 8192k, CORE 0k, NPROC 7872, NOFILE 4096, AS infinity
load average:1.95 0.55 0.30

/proc/meminfo:
MemTotal:        1027196 kB
MemFree:          143792 kB
MemAvailable:     262660 kB
Buffers:           16508 kB
Cached:           216612 kB
SwapCached:        30612 kB
Active:           430028 kB
Inactive:         372708 kB
Active(anon):     322808 kB
Inactive(anon):   254628 kB
Active(file):     107220 kB
Inactive(file):   118080 kB
Unevictable:          32 kB
Mlocked:              32 kB
HighTotal:        139144 kB
HighFree:           1852 kB
LowTotal:         888052 kB
LowFree:          141940 kB
SwapTotal:       1046524 kB
SwapFree:         547136 kB
Dirty:               352 kB
Writeback:             0 kB
AnonPages:        562168 kB
Mapped:            89164 kB
Shmem:              7804 kB
Slab:              32860 kB
SReclaimable:      15472 kB
SUnreclaim:        17388 kB
KernelStack:        4464 kB
PageTables:         9392 kB
NFS_Unstable:          0 kB
Bounce:                0 kB
WritebackTmp:          0 kB
CommitLimit:     1560120 kB
Committed_AS:    3542612 kB
VmallocTotal:     122880 kB
VmallocUsed:       23732 kB
VmallocChunk:      67844 kB
AnonHugePages:    253952 kB
HugePages_Total:       0
HugePages_Free:        0
HugePages_Rsvd:        0
HugePages_Surp:        0
Hugepagesize:       2048 kB
DirectMap4k:       30712 kB
DirectMap2M:      878592 kB


CPU:total 1 (1 cores per cpu, 1 threads per core) family 6 model 42 stepping 7, cmov, cx8, fxsr, mmx, sse, sse2, sse3, ssse3, sse4.1, sse4.2, popcnt, avx, aes, tsc, tscinvbit

/proc/cpuinfo:
processor	: 0
vendor_id	: GenuineIntel
cpu family	: 6
model		: 42
model name	: Intel(R) Core(TM) i7-2640M CPU @ 2.80GHz
stepping	: 7
microcode	: 0x14
cpu MHz		: 2793.689
cache size	: 4096 KB
physical id	: 0
siblings	: 1
core id		: 0
cpu cores	: 1
apicid		: 0
initial apicid	: 0
fdiv_bug	: no
f00f_bug	: no
coma_bug	: no
fpu		: yes
fpu_exception	: yes
cpuid level	: 13
wp		: yes
flags		: fpu vme de pse tsc msr pae mce cx8 apic sep mtrr pge mca cmov pat pse36 clflush dts mmx fxsr sse sse2 ss nx rdtscp lm constant_tsc arch_perfmon pebs bts xtopology tsc_reliable nonstop_tsc aperfmperf eagerfpu pni pclmulqdq ssse3 cx16 pcid sse4_1 sse4_2 x2apic popcnt aes xsave avx hypervisor lahf_lm ida arat epb xsaveopt pln pts dtherm
bogomips	: 5587.37
clflush size	: 64
cache_alignment	: 64
address sizes	: 40 bits physical, 48 bits virtual
power management:



Memory: 4k page, physical 1027196k(143792k free), swap 1046524k(547136k free)

vm_info: Java HotSpot(TM) Client VM (24.0-b56) for linux-x86 JRE (1.7.0_40-b43), built on Aug 26 2013 22:05:59 by "java_re" with gcc 4.3.0 20080428 (Red Hat 4.3.0-8)

time: Tue May 19 18:12:42 2015
elapsed time: 5 seconds

